[    0.000000] Initializing cgroup subsys cpuset
[    0.000000] Initializing cgroup subsys cpu
[    0.000000] Initializing cgroup subsys cpuacct
[    0.000000] Linux version 4.4.0-177-generic (buildd@lgw01-amd64-035) (gcc version 5.4.0 20160609 (Ubuntu 5.4.0-6ubuntu1~16.04.12) ) #207-Ubuntu SMP Mon Mar 16 01:16:10 UTC 2020 (Ubuntu 4.4.0-177.207-generic 4.4.214)
[    0.000000] Command line: BOOT_IMAGE=/boot/vmlinuz-4.4.0-177-generic root=LABEL=cloudimg-rootfs ro console=tty1 console=ttyS0
[    0.000000] KERNEL supported cpus:
[    0.000000]   Intel GenuineIntel
[    0.000000]   AMD AuthenticAMD
[    0.000000]   Centaur CentaurHauls
[    0.000000] x86/fpu: xstate_offset[2]:  576, xstate_sizes[2]:  256
[    0.000000] x86/fpu: Supporting XSAVE feature 0x01: 'x87 floating point registers'
[    0.000000] x86/fpu: Supporting XSAVE feature 0x02: 'SSE registers'
[    0.000000] x86/fpu: Supporting XSAVE feature 0x04: 'AVX registers'
[    0.000000] x86/fpu: Enabled xstate features 0x7, context size is 832 bytes, using 'standard' format.
[    0.000000] e820: BIOS-provided physical RAM map:
[    0.000000] BIOS-e820: [mem 0x0000000000000000-0x000000000009fbff] usable
[    0.000000] BIOS-e820: [mem 0x000000000009fc00-0x000000000009ffff] reserved
[    0.000000] BIOS-e820: [mem 0x00000000000f0000-0x00000000000fffff] reserved
[    0.000000] BIOS-e820: [mem 0x0000000000100000-0x000000003ffeffff] usable
[    0.000000] BIOS-e820: [mem 0x000000003fff0000-0x000000003fffffff] ACPI data
[    0.000000] BIOS-e820: [mem 0x00000000fec00000-0x00000000fec00fff] reserved
[    0.000000] BIOS-e820: [mem 0x00000000fee00000-0x00000000fee00fff] reserved
[    0.000000] BIOS-e820: [mem 0x00000000fffc0000-0x00000000ffffffff] reserved
[    0.000000] NX (Execute Disable) protection: active
[    0.000000] SMBIOS 2.5 present.
[    0.000000] Hypervisor detected: KVM
[    0.000000] e820: last_pfn = 0x3fff0 max_arch_pfn = 0x400000000
[    0.000000] MTRR: Disabled
[    0.000000] x86/PAT: MTRRs disabled, skipping PAT initialization too.
[    0.000000] CPU MTRRs all blank - virtualized system.
[    0.000000] x86/PAT: Configuration [0-7]: WB  WT  UC- UC  WB  WT  UC- UC  
[    0.000000] found SMP MP-table at [mem 0x0009fff0-0x0009ffff] mapped at [ffff88000009fff0]
[    0.000000] Scanning 1 areas for low memory corruption
[    0.000000] RAMDISK: [mem 0x362e2000-0x37168fff]
[    0.000000] ACPI: Early table checksum verification disabled
[    0.000000] ACPI: RSDP 0x00000000000E0000 000024 (v02 VBOX  )
[    0.000000] ACPI: XSDT 0x000000003FFF0030 00003C (v01 VBOX   VBOXXSDT 00000001 ASL  00000061)
[    0.000000] ACPI: FACP 0x000000003FFF00F0 0000F4 (v04 VBOX   VBOXFACP 00000001 ASL  00000061)
[    0.000000] ACPI: DSDT 0x000000003FFF0470 0021FF (v02 VBOX   VBOXBIOS 00000002 INTL 20180105)
[    0.000000] ACPI: FACS 0x000000003FFF0200 000040
[    0.000000] ACPI: FACS 0x000000003FFF0200 000040
[    0.000000] ACPI: APIC 0x000000003FFF0240 00005C (v02 VBOX   VBOXAPIC 00000001 ASL  00000061)
[    0.000000] ACPI: SSDT 0x000000003FFF02A0 0001CC (v01 VBOX   VBOXCPUT 00000002 INTL 20180105)
[    0.000000] No NUMA configuration found
[    0.000000] Faking a node at [mem 0x0000000000000000-0x000000003ffeffff]
[    0.000000] NODE_DATA(0) allocated [mem 0x3ffeb000-0x3ffeffff]
[    0.000000] kvm-clock: Using msrs 4b564d01 and 4b564d00
[    0.000000] kvm-clock: cpu 0, msr 0:3ffe3001, primary cpu clock
[    0.000000] kvm-clock: using sched offset of 3340934741 cycles
[    0.000000] clocksource: kvm-clock: mask: 0xffffffffffffffff max_cycles: 0x1cd42e4dffb, max_idle_ns: 881590591483 ns
[    0.000000] Zone ranges:
[    0.000000]   DMA      [mem 0x0000000000001000-0x0000000000ffffff]
[    0.000000]   DMA32    [mem 0x0000000001000000-0x000000003ffeffff]
[    0.000000]   Normal   empty
[    0.000000]   Device   empty
[    0.000000] Movable zone start for each node
[    0.000000] Early memory node ranges
[    0.000000]   node   0: [mem 0x0000000000001000-0x000000000009efff]
[    0.000000]   node   0: [mem 0x0000000000100000-0x000000003ffeffff]
[    0.000000] Initmem setup node 0 [mem 0x0000000000001000-0x000000003ffeffff]
[    0.000000] ACPI: PM-Timer IO Port: 0x4008
[    0.000000] IOAPIC[0]: apic_id 2, version 32, address 0xfec00000, GSI 0-23
[    0.000000] ACPI: INT_SRC_OVR (bus 0 bus_irq 0 global_irq 2 dfl dfl)
[    0.000000] ACPI: INT_SRC_OVR (bus 0 bus_irq 9 global_irq 9 low level)
[    0.000000] Using ACPI (MADT) for SMP configuration information
[    0.000000] smpboot: Allowing 2 CPUs, 0 hotplug CPUs
[    0.000000] PM: Registered nosave memory: [mem 0x00000000-0x00000fff]
[    0.000000] PM: Registered nosave memory: [mem 0x0009f000-0x0009ffff]
[    0.000000] PM: Registered nosave memory: [mem 0x000a0000-0x000effff]
[    0.000000] PM: Registered nosave memory: [mem 0x000f0000-0x000fffff]
[    0.000000] e820: [mem 0x40000000-0xfebfffff] available for PCI devices
[    0.000000] Booting paravirtualized kernel on KVM
[    0.000000] clocksource: refined-jiffies: mask: 0xffffffff max_cycles: 0xffffffff, max_idle_ns: 7645519600211568 ns
[    0.000000] setup_percpu: NR_CPUS:512 nr_cpumask_bits:512 nr_cpu_ids:2 nr_node_ids:1
[    0.000000] PERCPU: Embedded 33 pages/cpu @ffff88003fc00000 s95448 r8192 d31528 u1048576
[    0.000000] Built 1 zonelists in Node order, mobility grouping on.  Total pages: 257912
[    0.000000] Policy zone: DMA32
[    0.000000] Kernel command line: BOOT_IMAGE=/boot/vmlinuz-4.4.0-177-generic root=LABEL=cloudimg-rootfs ro console=tty1 console=ttyS0
[    0.000000] PID hash table entries: 4096 (order: 3, 32768 bytes)
[    0.000000] Memory: 997676K/1048120K available (8626K kernel code, 1336K rwdata, 4036K rodata, 1488K init, 1292K bss, 50444K reserved, 0K cma-reserved)
[    0.000000] SLUB: HWalign=64, Order=0-3, MinObjects=0, CPUs=2, Nodes=1
[    0.000000] Kernel/User page tables isolation: enabled
[    0.000000] Hierarchical RCU implementation.
[    0.000000] 	Build-time adjustment of leaf fanout to 64.
[    0.000000] 	RCU restricting CPUs from NR_CPUS=512 to nr_cpu_ids=2.
[    0.000000] RCU: Adjusting geometry for rcu_fanout_leaf=64, nr_cpu_ids=2
[    0.000000] NR_IRQS:33024 nr_irqs:440 16
[    0.000000] Console: colour VGA+ 80x25
[    0.000000] console [tty1] enabled
[    0.000000] console [ttyS0] enabled
[    0.000000] tsc: Detected 1799.992 MHz processor
[    0.269165] Calibrating delay loop (skipped) preset value.. 3599.98 BogoMIPS (lpj=7199968)
[    0.270640] pid_max: default: 32768 minimum: 301
[    0.271436] ACPI: Core revision 20150930
[    0.290963] ACPI: 2 ACPI AML tables successfully acquired and loaded
[    0.309145] Security Framework initialized
[    0.310148] Yama: becoming mindful.
[    0.311131] AppArmor: AppArmor initialized
[    0.312125] Dentry cache hash table entries: 131072 (order: 8, 1048576 bytes)
[    0.314338] Inode-cache hash table entries: 65536 (order: 7, 524288 bytes)
[    0.315752] Mount-cache hash table entries: 2048 (order: 2, 16384 bytes)
[    0.316942] Mountpoint-cache hash table entries: 2048 (order: 2, 16384 bytes)
[    0.318412] Initializing cgroup subsys io
[    0.319211] Initializing cgroup subsys memory
[    0.320125] Initializing cgroup subsys devices
[    0.320980] Initializing cgroup subsys freezer
[    0.321858] Initializing cgroup subsys net_cls
[    0.324761] Initializing cgroup subsys perf_event
[    0.325846] Initializing cgroup subsys net_prio
[    0.326999] Initializing cgroup subsys hugetlb
[    0.329283] Initializing cgroup subsys pids
[    0.331399] mce: CPU supports 0 MCE banks
[    0.332341] Last level iTLB entries: 4KB 64, 2MB 8, 4MB 8
[    0.333429] Last level dTLB entries: 4KB 64, 2MB 0, 4MB 0, 1GB 4
[    0.334623] Spectre V1 : Mitigation: usercopy/swapgs barriers and __user pointer sanitization
[    0.336376] Spectre V2 : Mitigation: Full generic retpoline
[    0.337417] Spectre V2 : Spectre v2 / SpectreRSB mitigation: Filling RSB on context switch
[    0.339243] Speculative Store Bypass: Vulnerable
[    0.348046] MDS: Mitigation: Clear CPU buffers
[    0.351218] Freeing SMP alternatives memory: 36K
[    0.358080] ftrace: allocating 32304 entries in 127 pages
[    0.437430] smpboot: APIC(0) Converting physical 0 to logical package 0
[    0.444186] smpboot: Max logical packages: 1
[    0.445320] x2apic enabled
[    0.457430] Switched APIC routing to physical x2apic.
[    0.470584] ..TIMER: vector=0x30 apic1=0 pin1=2 apic2=-1 pin2=-1
[    0.585295] smpboot: CPU0: Intel(R) Core(TM) i5-8265U CPU @ 1.60GHz (family: 0x6, model: 0x8e, stepping: 0xc)
[    0.627725] Performance Events: unsupported p6 CPU model 142 no PMU driver, software events only.
[    0.641852] KVM setup paravirtual spinlock
[    0.700233] x86: Booting SMP configuration:
[    0.706665] .... node  #0, CPUs:      #1
[    0.707877] kvm-clock: cpu 1, msr 0:3ffe3041, secondary cpu clock
[    0.710371] mce: CPU supports 0 MCE banks
[    0.713037] x86: Booted up 1 node, 2 CPUs
[    0.714569] smpboot: Total of 2 processors activated (7199.96 BogoMIPS)
[    0.716884] devtmpfs: initialized
[    0.721143] evm: security.selinux
[    0.743722] evm: security.SMACK64
[    0.744715] evm: security.SMACK64EXEC
[    0.745716] evm: security.SMACK64TRANSMUTE
[    0.746778] evm: security.SMACK64MMAP
[    0.747936] evm: security.ima
[    0.749075] evm: security.capability
[    0.750175] clocksource: jiffies: mask: 0xffffffff max_cycles: 0xffffffff, max_idle_ns: 7645041785100000 ns
[    0.752417] futex hash table entries: 512 (order: 3, 32768 bytes)
[    0.753793] pinctrl core: initialized pinctrl subsystem
[    0.755031] RTC time: 15:26:00, date: 04/10/20
[    0.756757] NET: Registered protocol family 16
[    0.770874] cpuidle: using governor ladder
[    0.784406] cpuidle: using governor menu
[    0.785501] PCCT header not found.
[    0.786465] ACPI: bus type PCI registered
[    0.787468] acpiphp: ACPI Hot Plug PCI Controller Driver version: 0.5
[    0.789233] PCI: Using configuration type 1 for base access
[    0.803834] ACPI: Added _OSI(Module Device)
[    0.826098] ACPI: Added _OSI(Processor Device)
[    0.827139] ACPI: Added _OSI(3.0 _SCP Extensions)
[    0.828269] ACPI: Added _OSI(Processor Aggregator Device)
[    0.830324] ACPI: Executed 1 blocks of module-level executable AML code
[    0.834502] ACPI: Interpreter enabled
[    0.840858] ACPI: (supports S0 S5)
[    0.841756] ACPI: Using IOAPIC for interrupt routing
[    0.843264] PCI: Using host bridge windows from ACPI; if necessary, use "pci=nocrs" and report a bug
[    0.849878] ACPI: PCI Root Bridge [PCI0] (domain 0000 [bus 00-ff])
[    0.851216] acpi PNP0A03:00: _OSC: OS supports [ASPM ClockPM Segments MSI]
[    0.858957] acpi PNP0A03:00: _OSC: not requesting OS control; OS requires [ExtendedConfig ASPM ClockPM MSI]
[    0.861248] acpi PNP0A03:00: fail to add MMCONFIG information, can't access extended PCI configuration space under this bridge.
[    0.864398] PCI host bridge to bus 0000:00
[    0.866205] pci_bus 0000:00: root bus resource [io  0x0000-0x0cf7 window]
[    0.868227] pci_bus 0000:00: root bus resource [io  0x0d00-0xffff window]
[    0.869586] pci_bus 0000:00: root bus resource [mem 0x000a0000-0x000bffff window]
[    0.871142] pci_bus 0000:00: root bus resource [mem 0x40000000-0xfdffffff window]
[    0.873093] pci_bus 0000:00: root bus resource [bus 00-ff]
[    0.876369] pci 0000:00:01.1: legacy IDE quirk: reg 0x10: [io  0x01f0-0x01f7]
[    0.877922] pci 0000:00:01.1: legacy IDE quirk: reg 0x14: [io  0x03f6]
[    0.879348] pci 0000:00:01.1: legacy IDE quirk: reg 0x18: [io  0x0170-0x0177]
[    0.880810] pci 0000:00:01.1: legacy IDE quirk: reg 0x1c: [io  0x0376]
[    0.903630] pci 0000:00:07.0: quirk: [io  0x4000-0x403f] claimed by PIIX4 ACPI
[    0.905295] pci 0000:00:07.0: quirk: [io  0x4100-0x410f] claimed by PIIX4 SMB
[    0.914949] ACPI: PCI Interrupt Link [LNKA] (IRQs 5 9 10 *11)
[    0.917066] ACPI: PCI Interrupt Link [LNKB] (IRQs 5 9 *10 11)
[    0.918967] ACPI: PCI Interrupt Link [LNKC] (IRQs 5 *9 10 11)
[    0.920924] ACPI: PCI Interrupt Link [LNKD] (IRQs 5 9 10 *11)
[    0.922865] ACPI: Enabled 2 GPEs in block 00 to 07
[    0.924576] vgaarb: setting as boot device: PCI:0000:00:02.0
[    0.925860] vgaarb: device added: PCI:0000:00:02.0,decodes=io+mem,owns=io+mem,locks=none
[    0.927648] vgaarb: loaded
[    0.928369] vgaarb: bridge control possible 0000:00:02.0
[    0.929807] SCSI subsystem initialized
[    0.931079] ACPI: bus type USB registered
[    0.932159] usbcore: registered new interface driver usbfs
[    0.933311] usbcore: registered new interface driver hub
[    0.934399] usbcore: registered new device driver usb
[    0.935756] PCI: Using ACPI for IRQ routing
[    0.937171] NetLabel: Initializing
[    0.943526] NetLabel:  domain hash size = 128
[    0.944850] NetLabel:  protocols = UNLABELED CIPSOv4
[    0.947034] NetLabel:  unlabeled traffic allowed by default
[    0.948737] amd_nb: Cannot enumerate AMD northbridges
[    0.949742] clocksource: Switched to clocksource kvm-clock
[    0.957108] AppArmor: AppArmor Filesystem Enabled
[    0.958357] pnp: PnP ACPI init
[    0.960587] pnp: PnP CP fnd dic
[  1205]losoce acpi_pm: mask: 0xffffff max_cycles: 0xffffff, max_idle_ns: 2085701024 ns
[    1.545754] NET: Registered protocol family 2
[    1.547005] TCP established hash table entries: 8192 (order: 4, 65536 bytes)
[  1.589337] TCP bind hash table entries: 8192 (order: 5, 131072 bytes)
[    1.679510] TCP: Hash tables configured (established 8192 bind 8192)
[    1.680638] UDP hash table entries: 512 (order: 2, 16384 bytes)
[    1.681626] UDP-Lite hash table entries: 512 (order: 2, 16384 bes
[  1673]ETRestedrotocol family 1[  2320]ci00000. Litg ret PCI/PCI transfers
[    2.650064] pci 0000:00:01.0: Activating ISA DMA hang workarounds
[    2.749638] Unpacking initramfs...
[    2.941246] Freeing initrd memory: 14876K
[    3.029017] clocksource: tsc: mask: 0xffffffffffffffff max_cycles: 0x19f22218814, max_idle_ns: 440795285422 ns
[    3.030891] platform rtc_cmos: registered platform RTC device (no PNP device found)
[    3.032416] Scanning for low memory corruption every 60 seconds
[    3.034018] audit: initializing netlink subsys (disabled)
[    3.034975] audit: type=2000 audit(1586532366.487:1): initialized
[    3.036464] Initialise system trusted keyring
[    3.037629] HugeTLB registered 2 MB page size, pre-allocated 0 pages
[    3.040078] zbud: loaded
[    3.041268] VFS: Disk quotas dquot_6.6.0
[    3.042247] VFS: Dquot-cache hash table entries: 512 (order 0, 4096 bytes)
[    3.043602] squashfs: version 4.0 (2009/01/31) Phillip Lougher
[    3.045184] fuse init (API version 7.23)
[    3.046401] Key type big_key registered
[    3.110897] Allocating IMA MOK and blacklist keyrings.
[    3.142931] Key type asymmetric registered
[    3.149150] Asymmetric key parser 'x509' registered
[    3.150117] Block layer SCSI generic (bsg) driver version 0.4 loaded (major 249)
[    3.151570] io scheduler noop registered
[    3.176749] io scheduler deadline registered (default)
[    3.178897] io scheduler cfq registered
[    3.184840] pci_hotplug: PCI Hot Plug PCI Core version: 0.5
[    3.187000] pciehp: PCI Express Hot Plug Controller Driver version: 0.4
[    3.188463] ACPI: AC Adapter [AC] (off-line)
[    3.198038] input: Power Button as /devices/LNXSYSTM:00/LNXPWRBN:00/input/input0
[    3.199501] ACPI: Power Button [PWRF]
[    3.249079] input: Sleep Button as /devices/LNXSYSTM:00/LNXSLPBN:00/input/input1
[    3.250642] ACPI: Sleep Button [SLPF]
[    3.251561] GHES: HEST is not enabled!
[    3.252231] ACPI: Battery Slot [BAT0] (battery present)
[    3.253579] Serial: 8250/16550 driver, 32 ports, IRQ sharing enabled
[    3.276909] 00:02: ttyS0 at I/O 0x3f8 (irq = 4, base_baud = 115200) is a 16550A
[    3.345838] Linux agpgart interface v0.103
[    3.348773] loop: module loaded
[    3.350174] scsi host0: ata_piix
[    3.350978] scsi host1: ata_piix
[    3.351562] ata1: PATA max UDMA/33 cmd 0x1f0 ctl 0x3f6 bmdma 0xd000 irq 14
[    3.352608] ata2: PATA max UDMA/33 cmd 0x170 ctl 0x376 bmdma 0xd008 irq 15
[    3.353663] libphy: Fixed MDIO Bus: probed
[    3.354668] tun: Universal TUN/TAP device driver, 1.6
[    3.355576] tun: (C) 1999-2004 Max Krasnyansky <maxk@qualcomm.com>
[    3.358797] PPP generic driver version 2.4.2
[    3.359968] ehci_hcd: USB 2.0 'Enhanced' Host Controller (EHCI) Driver
[    3.362264] ehci-pci: EHCI PCI platform driver
[    3.363888] ehci-platform: EHCI generic platform driver
[    3.364985] ohci_hcd: USB 1.1 'Open' Host Controller (OHCI) Driver
[    3.366024] ohci-pci: OHCI PCI platform driver
[    3.366838] ohci-platform: OHCI generic platform driver
[    3.367813] uhci_hcd: USB Universal Host Controller Interface driver
[    3.369040] i8042: PNP: PS/2 Controller [PNP0303:PS2K,PNP0f03:PS2M] at 0x60,0x64 irq 1,12
[    3.371017] serio: i8042 KBD port at 0x60,0x64 irq 1
[    3.371963] serio: i8042 AUX port at 0x60,0x64 irq 12
[    3.373346] mousedev: PS/2 mouse device common for all mice
[    3.374833] input: AT Translated Set 2 keyboard as /devices/platform/i8042/serio0/input/input2
[    3.376809] rtc_cmos rtc_cmos: rtc core: registered rtc_cmos as rtc0
[    3.378043] rtc_cmos rtc_cmos: alarms up to one day, 114 bytes nvram
[    3.378999] i2c /dev entries driver
[    3.379661] device-mapper: uevent: version 1.0.3
[    3.380588] device-mapper: ioctl: 4.34.0-ioctl (2015-10-28) initialised: dm-devel@redhat.com
[    3.381943] ledtrig-cpu: registered to indicate activity on CPUs
[    3.383516] NET: Registered protocol family 10
[    3.385548] NET: Registered protocol family 17
[    3.386975] Key type dns_resolver registered
[    3.389008] registered taskstats version 1
[    3.389750] Loading compiled-in X.509 certificates
[    3.391121] Loaded X.509 cert 'Build time autogenerated kernel key: a048edf52b07f04005c7780de0f875c713550332'
[    3.392651] zswap: loaded using pool lzo/zbud
[    3.395697] Key type trusted registered
[    3.399572] Key type encrypted registered
[    3.400440] AppArmor: AppArmor sha1 policy hashing enabled
[    3.401472] ima: No TPM chip found, activating TPM-bypass!
[    3.402432] ima: Allocated hash algorithm: sha1
[    3.403190] evm: HMAC attrs: 0x1
[    3.429307]   Magic number: 0:703:436
[    3.430198] rtc_cmos rtc_cmos: setting system clock to 2020-04-10 15:26:02 UTC (1586532362)
[    3.431933] BIOS EDD facility v0.16 2004-Jun-25, 0 devices found
[    3.432925] EDD information not available.
[    3.515090] Freeing unused kernel memory: 1488K
[    3.708317] Write protecting the kernel read-only data: 14336k
[    3.710307] Freeing unused kernel memory: 1604K
[    3.928340] Freeing unused kernel memory: 60K
Loading, please wait...
[    3.944085] random: systemd-udevd: uninitialized urandom read (16 bytes read, 3 bits of entropy available)
starting version 229
[    3.944842] random: udevadm: uninitialized urandom read (16 bytes read, 3 bits of entropy available)
[    3.944863] random: udevadm: uninitialized urandom read (16 bytes read, 3 bits of entropy available)
[    3.952323] random: udevadm: uninitialized urandom read (16 bytes read, 3 bits of entropy available)
[    3.952359] random: udevadm: uninitialized urandom read (16 bytes read, 3 bits of entropy available)
[    3.952467] random: udevadm: uninitialized urandom read (16 bytes read, 3 bits of entropy available)
[    3.952506] random: udevadm: uninitialized urandom read (16 bytes read, 3 bits of entropy available)
[    3.952545] random: udevadm: uninitialized urandom read (16 bytes read, 3 bits of entropy available)
[    3.952583] random: udevadm: uninitialized urandom read (16 bytes read, 3 bits of entropy available)
[    3.952620] random: udevadm: uninitialized urandom read (16 bytes read, 3 bits of entropy available)
[    3.993118] e1000: Intel(R) PRO/1000 Network Driver - version 7.3.21-k8-NAPI
[    4.168894] e1000: Copyright (c) 1999-2006 Intel Corporation.
[    4.170289] Fusion MPT base driver 3.04.20
[    4.171015] Copyright (c) 1999-2008 LSI Corporation
[    4.189858] AVX2 version of gcm_enc/dec engaged.
[    4.218402] AES CTR mode by8 optimization enabled
[    4.234198] Fusion MPT SPI Host driver 3.04.20
[    4.404772] input: ImExPS/2 Generic Explorer Mouse as /devices/platform/i8042/serio1/input/input4
[    4.678491] e1000 0000:00:03.0 eth0: (PCI:33MHz:32-bit) 02:ba:b8:ca:39:a3
[    4.809096] e1000 0000:00:03.0 eth0: Intel(R) PRO/1000 Network Connection
[    4.811058] mptbase: ioc0: Initiating bringup
[    5.068397] ioc0: LSI53C1030 A0: Capabilities={Initiator}
[    5.942707] scsi host2: ioc0: LSI53C1030 A0, FwRev=00000000h, Ports=1, MaxQ=256, IRQ=20
[    6.688812] scsi 2:0:0:0: Direct-Access     VBOX     HARDDISK         1.0  PQ: 0 ANSI: 5
[    6.719074] scsi target2:0:0: Beginning Domain Validation
[    6.724155] scsi target2:0:0: Domain Validation skipping write tests
[    6.727048] scsi target2:0:0: Ending Domain Validation
[    6.729183] scsi target2:0:0: asynchronous
[    6.731559] scsi 2:0:1:0: Direct-Access     VBOX     HARDDISK         1.0  PQ: 0 ANSI: 5
[    6.734393] scsi target2:0:1: Beginning Domain Validation
[    6.737250] scsi target2:0:1: Domain Validation skipping write tests
[    6.738940] scsi target2:0:1: Ending Domain Validation
[    6.740204] scsi target2:0:1: asynchronous
[    6.754104] sd 2:0:0:0: Attached scsi generic sg0 type 0
[    6.768091] sd 2:0:0:0: [sda] 20971520 512-byte logical blocks: (10.7 GB/10.0 GiB)
[    6.774104] sd 2:0:0:0: [sda] Write Protect is off
[    6.775162] sd 2:0:1:0: [sdb] 20480 512-byte logical blocks: (10.5 MB/10.0 MiB)
[    6.776771] sd 2:0:1:0: Attached scsi generic sg1 type 0
[    6.778024] sd 2:0:1:0: [sdb] Write Protect is off
[    6.785731] sd 2:0:0:0: [sda] Incomplete mode parameter data
[    6.787020] sd 2:0:0:0: [sda] Assuming drive cache: write through
[    6.788324] sd 2:0:1:0: [sdb] Incomplete mode parameter data
[    6.789369] sd 2:0:1:0: [sdb] Assuming drive cache: write through
[    6.791684]  sda: sda1
[    6.793084] sd 2:0:0:0: [sda] Attached SCSI disk
[    6.794814] sd 2:0:1:0: [sdb] Attached SCSI disk
[    7.082045] e1000 0000:00:08.0 eth1: (PCI:33MHz:32-bit) 08:00:27:7d:79:0e
[    7.508523] e1000 0000:00:08.0 eth1: Intel(R) PRO/1000 Network Connection
[    7.513166] e1000 0000:00:08.0 enp0s8: renamed from eth1
[    7.528478] e1000 0000:00:03.0 enp0s3: renamed from eth0
Begin: Loading e[    8.808211] md: linear personality registered for level -1
ssential drivers ... [    9.291449] md: multipath personality registered for level -4
[    9.295693] md: raid0 personality registered for level 0
[    9.300435] md: raid1 personality registered for level 1
[    9.369826] raid6: sse2x1   gen()  9799 MB/s
[    9.477842] raid6: sse2x1   xor()  7189 MB/s
[    9.581827] raid6: sse2x2   gen() 15697 MB/s
[    9.661824] raid6: sse2x2   xor()  8462 MB/s
[    9.729827] raid6: sse2x4   gen() 16845 MB/s
[    9.797811] raid6: sse2x4   xor() 10936 MB/s
[    9.865814] raid6: avx2x1   gen() 20640 MB/s
[    9.933780] raid6: avx2x2   gen() 26911 MB/s
[   10.023862] raid6: avx2x4   gen() 32409 MB/s
[   10.040730] raid6: using algorithm avx2x4 gen() 32409 MB/s
[   10.041877] raid6: using avx2x2 recovery algorithm
[   10.044434] xor: automatically using best checksumming function:
[   10.087501]    avx       : 57060.000 MB/sec
[   10.090104] async_tx: api initialized (async)
[   10.099491] md: raid6 personality registered for level 6
[   10.100784] md: raid5 personality registered for level 5
[   10.101760] md: raid4 personality registered for level 4
[   10.108618] md: raid10 personality registered for level 10
done.
Begin: Running /scripts/init-premount ... done.
Begin: Mounting root file system ... Begin: Running /scripts/local-top ... done.
Begin: Running /scripts/local-premount ... [   10.137834] Btrfs loaded
Scanning for Btrfs filesystems
done.
Warning: fsck no[   10.176547] EXT4-fs (sda1): mounted filesystem with ordered data mode. Opts: (null)
t present, so skipping root file system
done.
Begin: Running /scripts/local-bottom ... done.
Begin: Running /scripts/init-bottom ... done.
[   10.355907] systemd[1]: systemd 229 running in system mode. (+PAM +AUDIT +SELINUX +IMA +APPARMOR +SMACK +SYSVINIT +UTMP +LIBCRYPTSETUP +GCRYPT +GNUTLS +ACL +XZ -LZ4 +SECCOMP +BLKID +ELFUTILS +KMOD -IDN)
[   10.462044] systemd[1]: Detected virtualization oracle.
[   10.488379] systemd[1]: Detected architecture x86-64.

Welcome to [1mUbuntu 16.04.6 LTS[0m!

[   10.515744] systemd[1]: Set hostname to <ubuntu>.
[   10.711458] systemd[1]: Initializing machine ID from random generator.
[   10.712919] systemd[1]: Installed transient /etc/machine-id file.
[   10.877029] systemd[1]: Listening on Journal Socket (/dev/log).
[[0;32m  OK  [0m] Listening on Journal Socket (/dev/log).
[   11.429798] systemd[1]: Reached target User and Group Name Lookups.
[[0;32m  OK  [0m] Reached target User and Group Name Lookups.
[   11.669740] systemd[1]: Reached target System Time Synchronized.
[[0;32m  OK  [0m] Reached target System Time Synchronized.
[   11.671881] systemd[1]: Reached target Encrypted Volumes.
[[0;32m  OK  [0m] Reached target Encrypted Volumes.
[   11.690793] systemd[1]: Listening on LVM2 metadata daemon socket.
[[0;32m  OK  [0m] Listening on LVM2 metadata daemon socket.
[   11.693367] systemd[1]: Listening on LVM2 poll daemon socket.
[[0;32m  OK  [0m] Listening on LVM2 poll daemon socket.
[   11.695304] systemd[1]: Listening on Syslog Socket.
[[0;32m  OK  [0m] Listening on Syslog Socket.
[   11.697150] systemd[1]: Listening on Journal Socket.
[[0;32m  OK  [0m] Listening on Journal Socket.
[   11.789509] systemd[1]: Set up automount Arbitrary Executable File Formats File System Automount Point.
[[0;32m  OK  [0m] Set up automount Arbitrary Executab...ats File System Automount Point.
[   11.792569] systemd[1]: Listening on Device-mapper event daemon FIFOs.
[[0;32m  OK  [0m] Listening on Device-mapper event daemon FIFOs.
[   11.795972] systemd[1]: Listening on /dev/initctl Compatibility Named Pipe.
[[0;32m  OK  [0m] Listening on /dev/initctl Compatibility Named Pipe.
[   11.814138] systemd[1]: Started Trigger resolvconf update for networkd DNS.
[[0;32m  OK  [0m] Started Trigger resolvconf update for networkd DNS.
[   11.820081] systemd[1]: Listening on udev Control Socket.
[[0;32m  OK  [0m] Listening on udev Control Socket.
[   11.822093] systemd[1]: Created slice System Slice.
[[0;32m  OK  [0m] Created slice System Slice.
[   11.837916] systemd[1]: Starting Remount Root and Kernel File Systems...
[   11.843043] EXT4-fs (sda1): re-mounted. Opts: (null)
         Starting Remount Root and Kernel File Systems...
[   11.847173] systemd[1]: Mounting Huge Pages File System...
         Mounting Huge Pages File System...
[   11.849525] systemd[1]: Mounting POSIX Message Queue File System...
         Mounting POSIX Message Queue File System...
[   11.851892] systemd[1]: Mounting Debug File System...
         Mounting Debug File System...
[   11.854157] systemd[1]: Starting Nameserver information manager...
         Starting Nameserver information manager...
[   11.856969] systemd[1]: Starting Uncomplicated firewall...
         Starting Uncomplicated firewall...
[   11.859808] systemd[1]: Starting Monitoring of LVM2 mirrors, snapshots etc. using dmeventd or progress polling...
         Starting Monitoring of LVM2 mirrors... dmeventd or progress polling...
[   11.863483] systemd[1]: Created slice User and Session Slice.
[[0;32m  OK  [0m] Created slice User and Session Slice.
[   11.865874] systemd[1]: Reached target Slices.
[[0;32m  OK  [0m] Reached target Slices.
[   11.868176] systemd[1]: Created slice system-serial\x2dgetty.slice.
[[0;32m  OK  [0m] Created slice system-serial\x2dgetty.slice.
[   11.873955] systemd[1]: Reached target Swap.
[[0;32m  OK  [0m] Reached target Swap.
[   11.926338] systemd[1]: Starting Set console keymap...
         Starting Set console keymap...
[   11.951017] systemd[1]: Listening on Journal Audit Socket.
[[0;32m  OK  [0m] Listening on Journal Audit Socket.
[   12.070884] systemd[1]: Starting Journal Service...
         Starting Journal Service...
[   12.087970] systemd[1]: Listening on udev Kernel Socket.
[[0;32m  OK  [0m] Listening on udev Kernel Socket.
[   12.092015] systemd[1]: Starting Create list of required static device nodes for the current kernel...
         Starting Create list of required st... nodes for the current kernel...
[   12.160479] systemd[1]: Started Forward Password Requests to Wall Directory Watch.
[[0;32m  OK  [0m] Started Forward Password Requests to Wall Directory Watch.
[   12.164461] random: nonblocking pool is initialized
[   12.240284] systemd[1]: Starting Load Kernel Modules...
         Startin[   12.250823] Loading iSCSI transport class v2.0-870.
g Load Kernel Modules...
[   12.263635] iscsi: registered transport (tcp)
[   12.334584] systemd[1]: Mounted Huge Pages File System.
[[0;32m  OK  [0m] Mounted Huge Pages File System.
[   12.369384] systemd[1]: Mounted Debug File System.
[[0;32m  OK  [0m] Mounted Debug File System.
[   12.371229] systemd[1]: Mounted POSIX Message Queue File System.
[[0;32m  OK  [0m] Mounted POSIX Message Queue File System.
[   12.376090] systemd[1]: Started Journal Service.
[[0;32m  OK  [0m] Started Journal Service.
[   12.379179] iscsi: registered transport (iser)
[[0;32m  OK  [0m] Started Remount Root and Kernel File Systems.
[[0;32m  OK  [0m] Started Uncomplicated firewall.
[[0;32m  OK  [0m] Started Set console keymap.
[[0;32m  OK  [0m] Started Create list of required sta...ce nodes for the current kernel.
[[0;32m  OK  [0m] Started Load Kernel Modules.
[[0;32m  OK  [0m] Started Nameserver information manager.
[[0;32m  OK  [0m] Started LVM2 metadata daemon.
         Mounting FUSE Control File System...
         Starting Apply Kernel Variables...
         Starting Create Static Device Nodes in /dev...
         Starting Load/Save Random Seed...
         Starting udev Coldplug all Devices...
         Starting Flush Journal to Persistent Storage...
[[0;32m  OK  [0m] Mounted FUSE Control File System.
[[0;32m  OK  [0m] Started Apply Kernel Variables.
[[0;32m  OK  [0m] Started Create Static Device Nodes in /dev.
[[0;32m  OK  [0m] Started Load/Save Random Seed.
         Starting udev Kernel Device Manager...
[[0;32m  OK  [0m] Started Flush Journal to Persistent Storage.
[[0;32m  OK  [0m] Started udev Coldplug all Devices.
[[0;32m  OK  [0m] Started udev Kernel Device Manager.
[[0;32m  OK  [0m] Started Dispatch Password Requests to Console Directory Watch.
[[0;32m  OK  [0m] Found device /dev/ttyS0.
[[0;32m  OK  [0m] Started Monitoring of LVM2 mirrors,...ng dmeventd or progress polling.
[[0;32m  OK  [0m] Listening on Load/Save RF Kill Switch Status /dev/rfkill Watch.
[[0;32m  OK  [0m] Reached target Local File Systems (Pre).
[[0;32m  OK  [0m] Reached target Local File Systems.
         Starting Create Volatile Files and Directories...
         Starting LSB: AppArmor initialization...
         Starting Set console font and keymap...
         Starting Initial cloud-init job (pre-networking)...
         Starting Commit a transient machine-id on disk...
         Starting Tell Plymouth To Write Out Runtime Data...
[[0;32m  OK  [0m] Started Create Volatile Files and Directories.
         Starting Update UTMP about System Boot/Shutdown...
[[0;32m  OK  [0m] Started Tell Plymouth To Write Out Runtime Data.
[[0;32m  OK  [0m] Started Commit a transient machine-id on disk.
[[0;32m  OK  [0m] Started Update UTMP about System Boot/Shutdown.
[[0;32m  OK  [0m] Started LSB: AppArmor initialization.
[[0;32m  OK  [0m] Started Set console font and keymap.
[[0;32m  OK  [0m] Created slice system-getty.slice.
[   13.788910] cloud-init[649]: Cloud-init v. 19.4-33-gbb4131a2-0ubuntu1~16.04.1 running 'init-local' at Fri, 10 Apr 2020 15:26:13 +0000. Up 13.47 seconds.
[[0;32m  OK  [0m] Started Initial cloud-init job (pre-networking).
[[0;32m  OK  [0m] Reached target Network (Pre).
         Starting Raise network interfaces...
[[0;32m  OK  [0m] Started Raise network interfaces.
[[0;32m  OK  [0m] Reached target Network.
         Starting Initial cloud-init job (metadata service crawler)...
[   14.905772] cloud-init[968]: Cloud-init v. 19.4-33-gbb4131a2-0ubuntu1~16.04.1 running 'init' at Fri, 10 Apr 2020 15:26:13 +0000. Up 14.41 seconds.
[   14.931701] cloud-init[968]: ci-info: ++++++++++++++++++++++++++++++++++++++Net device info+++++++++++++++++++++++++++++++++++++++
[   14.934058] cloud-init[968]: ci-info: +--------+-------+----------------------------+---------------+--------+-------------------+
[   14.936326] cloud-init[968]: ci-info: | Device |   Up  |          Address           |      Mask     | Scope  |     Hw-Address    |
[   14.950130] cloud-init[968]: ci-info: +--------+-------+----------------------------+---------------+--------+-------------------+
[   14.966403] cloud-init[968]: ci-info: | enp0s3 |  True |         10.0.2.15          | 255.255.255.0 | global | 02:ba:b8:ca:39:a3 |
[   14.966642] cloud-init[968]: ci-info: | enp0s3 |  True | fe80::ba:b8ff:feca:39a3/64 |       .       |  link  | 02:ba:b8:ca:39:a3 |
[   14.966918] cloud-init[968]: ci-info: | enp0s8 | False |             .              |       .       |   .    | 08:00:27:7d:79:0e |
[   14.967086] cloud-init[968]: ci-info: |   lo   |  True |         127.0.0.1          |   255.0.0.0   |  host  |         .         |
[   14.967258] cloud-init[968]: ci-info: |   lo   |  True |          ::1/128           |       .       |  host  |         .         |
[   14.967453] cloud-init[968]: ci-info: +--------+-------+----------------------------+---------------+--------+-------------------+
[   14.967650] cloud-init[968]: ci-info: +++++++++++++++++++++++++++Route IPv4 info++++++++++++++++++++++++++++
[   14.967858] cloud-init[968]: ci-info: +-------+-------------+----------+---------------+-----------+-------+
[   14.968096] cloud-init[968]: ci-info: | Route | Destination | Gateway  |    Genmask    | Interface | Flags |
[   14.968257] cloud-init[968]: ci-info: +-------+-------------+----------+---------------+-----------+-------+
[   14.968450] cloud-init[968]: ci-info: |   0   |   0.0.0.0   | 10.0.2.2 |    0.0.0.0    |   enp0s3  |   UG  |
[   14.968647] cloud-init[968]: ci-info: |   1   |   10.0.2.0  | 0.0.0.0  | 255.255.255.0 |   enp0s3  |   U   |
[   14.968821] cloud-init[968]: ci-info: +-------+-------------+----------+---------------+-----------+-------+
[   14.968991] cloud-init[968]: ci-info: +++++++++++++++++++Route IPv6 info+++++++++++++++++++
[   14.969165] cloud-init[968]: ci-info: +-------+-------------+---------+-----------+-------+
[   14.969333] cloud-init[968]: ci-info: | Route | Destination | Gateway | Interface | Flags |
[   14.969504] cloud-init[968]: ci-info: +-------+-------------+---------+-----------+-------+
[   14.969675] cloud-init[968]: ci-info: |   0   |  fe80::/64  |    ::   |   enp0s3  |   U   |
[   14.969863] cloud-init[968]: ci-info: |   3   |   ff00::/8  |    ::   |   enp0s3  |   U   |
[   14.970044] cloud-init[968]: ci-info: +-------+-------------+---------+-----------+-------+
[   14.970208] cloud-init[968]: Generating public/private rsa key pair.
[   14.970380] cloud-init[968]: Your identification has been saved in /etc/ssh/ssh_host_rsa_key.
[   14.970582] cloud-init[968]: Your public key has been saved in /etc/ssh/ssh_host_rsa_key.pub.
[   14.970755] cloud-init[968]: The key fingerprint is:
[   14.970924] cloud-init[968]: SHA256:V0FeXgWzqRHG61mkPf0IFrcy8y4jmSr6zJ/iau/wIj0 root@ubuntu-xenial
[   14.971096] cloud-init[968]: The key's randomart image is:
[   14.971265] cloud-init[968]: +---[RSA 2048]----+
[   14.971440] cloud-init[968]: |           o= +.+|
[   14.971614] cloud-init[968]: |           oo=o= |
[   14.971832] cloud-init[968]: |            +B+o |
[   14.972033] cloud-init[968]: |           .Oo= .|
[   14.972562] cloud-init[968]: |        S .o.O o.|
[[0;32m  OK  [0m] Started Initial cloud-init job (metadata service crawler).
[   14.973323] cloud-init[968]: |         .  o o .|
[   15.001439] cloud-init[968]: |   ..      o .   |
[   15.001642] cloud-init[968]: |  . E=o  .+ o .  |
[   15.001774] cloud-init[968]: |   ooXO++. . o   |
[   15.001945] cloud-init[968]: +----[SHA256]-----+
[   15.002086] cloud-init[968]: Generating public/private dsa key pair.
[   15.002267] cloud-init[968]: Your identification has been saved in /etc/ssh/ssh_host_dsa_key.
[   15.002396] cloud-init[968]: Your public key has been saved in /etc/ssh/ssh_host_dsa_key.pub.
[   15.002515] cloud-init[968]: The key fingerprint is:
[   15.002643] cloud-init[968]: SHA256:c3oX5D/X/7EqV3YW2J9mByN+0qo/zGqf/Vmxi+Jc1vI root@ubuntu-xenial
[   15.002776] cloud-init[968]: The key's randomart image is:
[   15.002904] cloud-init[968]: +---[DSA 1024]----+
[   15.003032] cloud-init[968]: |                 |
[   15.003158] cloud-init[968]: |                 |
[   15.003286] cloud-init[968]: |            . o  |
[   15.003417] cloud-init[968]: |           o..oo |
[   15.003646] cloud-init[968]: |        S ..oo ++|
[   15.003772] cloud-init[968]: |         +  oo+*O|
[   15.003911] cloud-init[968]: |        . .o.BB=*|
[   15.004033] cloud-init[968]: |         .o+B++oB|
[   15.004295] cloud-init[968]: |         .+BB+oE=|
[   15.004416] cloud-init[968]: +----[SHA256]-----+
[   15.004539] cloud-init[968]: Generating public/private ecdsa key pair.
[   15.004661] cloud-init[968]: Your identification has been saved in /etc/ssh/ssh_host_ecdsa_key.
[   15.004816] cloud-init[968]: Your public key has been saved in /etc/ssh/ssh_host_ecdsa_key.pub.
[   15.005006] cloud-init[968]: The key fingerprint is:
[   15.005142] cloud-init[968]: SHA256:PYWftoBBykGr8lq6yy+rMtfD6VKPsWSQvavANvv5Ink root@ubuntu-xenial
[   15.005322] cloud-init[968]: The key's randomart image is:
[[0;32m  OK  [0m] Reached target Network is Online.
[   15.005601] cloud-init[968]: +---[ECDSA 256]---+
[   15.047043] cloud-init[968]: |     .o .        |
[   15.047297] cloud-init[968]: |     . =   .     |
[   15.047439] cloud-init[968]: |   o  + . . .    |
[   15.047587] cloud-init[968]: |  o ..   + o .   |
[   15.047737] cloud-init[968]: |  ....  S + +    |
[   15.047885] cloud-init[968]: |.  o*      + .   |
[   15.048072] cloud-init[968]: |.+.*oB      .    |
[   15.048196] cloud-init[968]: |+=*EX .          |
[   15.048376] cloud-init[968]: |o=%%=o           |
[   15.048584] cloud-init[968]: +----[SHA256]-----+
[   15.048758] cloud-init[968]: Generating public/private ed25519 key pair.
[   15.048911] cloud-init[968]: Your identification has been saved in /etc/ssh/ssh_host_ed25519_key.
[   15.049061] cloud-init[968]: Your public key has been saved in /etc/ssh/ssh_host_ed25519_key.pub.
[   15.049214] cloud-init[968]: The key fingerprint is:
[   15.049370] cloud-init[968]: SHA256:nqPlQ+zUUpUMlNwGc9Pot9y3B9noi6jg86APYeHuvjw root@ubuntu-xenial
[   15.049524] cloud-init[968]: The key's randomart image is:
[   15.049721] cloud-init[968]: +--[ED25519 256]--+
[   15.049872] cloud-init[968]: |         o=*o+   |
[   15.050084] cloud-init[968]: |          ooB..  |
[   15.050529] cloud-init[968]: |    .      +     |
[   15.050648] cloud-init[968]: |   . .    . . .  |
[   15.050796] cloud-init[968]: |    +  .So   o * |
[   15.051002] cloud-init[968]: |   o . .=..   * +|
[   15.051153] cloud-init[968]: |    o o+=.   . .o|
[   15.051310] cloud-init[968]: |   oE+.*o. . ....|
[   15.051462] cloud-init[968]: |   .*++o+o. . ...|
[   15.051615] cloud-init[968]: +----[SHA256]-----+
         Starting iSCSI initiator daemon (iscsid)...
[[0;32m  OK  [0m] Reached target Cloud-config availability.
[[0;32m  OK  [0m] Reached target System Initialization.
         Starting Socket activation for snappy daemon.
[[0;32m  OK  [0m] Started Daily Cleanup of Temporary Directories.
[[0;32m  OK  [0m] Started Message of the Day.
[[0;32m  OK  [0m] Listening on ACPID Listen Socket.
[[0;32m  OK  [0m] Listening on UUID daemon activation socket.
[[0;32m  OK  [0m] Started Daily apt download activities.
[[0;32m  OK  [0m] Listening on D-Bus System Message Bus Socket.
[[0;32m  OK  [0m] Started ACPI Events Check.
[[0;32m  OK  [0m] Reached target Paths.
[[0;32m  OK  [0m] Started Daily apt upgrade and clean activities.
[[0;32m  OK  [0m] Reached target Timers.
         Starting LXD - unix socket.
[[0;32m  OK  [0m] Listening on Socket activation for snappy daemon.
[[0;32m  OK  [0m] Listening on LXD - unix socket.
[[0;32m  OK  [0m] Started iSCSI initiator daemon (iscsid).
         Starting Login to default iSCSI targets...
[[0;32m  OK  [0m] Reached target Sockets.
[[0;32m  OK  [0m] Reached target Basic System.
         Starting /etc/rc.local Compatibility...
[[0;32m  OK  [0m] Started ACPI event daemon.
[[0;32m  OK  [0m] Started Deferred execution scheduler.
         Starting Pollinate to seed the pseudo random number generator...
         Starting Virtualbox guest utils...
         Starting LSB: MD monitoring daemon...
         Starting Accounts Service...
         Starting LXD - container startup/shutdown...
[[0;32m  OK  [0m] Started D-Bus System Message Bus.
         Starting Snappy daemon...
[[0;32m  OK  [0m] Started Regular background program processing daemon.
         Starting Login Service...
[[0;32m  OK  [0m] Started FUSE filesystem for LXC.
         Starting System Logging Service...
         Starting LSB: Record successful boot for GRUB...
[[0;32m  OK  [0m] Started System Logging Service.
[[0;32m  OK  [0m] Started /etc/rc.local Compatibility.
         Starting Authenticate and Authorize Users to Run Privileged Tasks...
[[0;32m  OK  [0m] Started LXD - container startup/shutdown.
[[0;32m  OK  [0m] Started LSB: MD monitoring daemon.
[[0;32m  OK  [0m] Started Login Service.
[[0;32m  OK  [0m] Started Virtualbox guest utils.
[[0;32m  OK  [0m] Started Login to default iSCSI targets.
[[0;32m  OK  [0m] Started Authenticate and Authorize Users to Run Privileged Tasks.
[[0;32m  OK  [0m] Started Accounts Service.
[[0;32m  OK  [0m] Reached target Remote File Systems (Pre).
[[0;32m  OK  [0m] Reached target Remote File Systems.
         Starting Permit User Sessions...
         Starting LSB: Set the CPU Frequency Scaling governor to "ondemand"...
         Starting LSB: daemon to balance interrupts for SMP systems...
         Starting LSB: automatic crash report generation...
[[0;32m  OK  [0m] Started Unattended Upgrades Shutdown.
[[0;32m  OK  [0m] Started Snappy daemon.
[[0;32m  OK  [0m] Started LSB: Record successful boot for GRUB.
[[0;32m  OK  [0m] Started Permit User Sessions.
         Starting Hold until boot process finishes up...
         Starting Terminate Plymouth Boot Screen...
         Starting Wait until snapd is fully seeded...
[[0;32m  OK  [0m] Started Hold until boot process finishes up.
[[0;32m  OK  [0m] Started Terminate Plymouth Boot Screen.
         Starting Set console scheme...
[[0;32m  OK  [0m] Started Serial Getty on ttyS0.
[[0;32m  OK  [0m] Started Getty on tty1.
[[0;32m  OK  [0m] Reached target Login Prompts.
[[0;32m  OK  [0m] Started LSB: Set the CPU Frequency Scaling governor to "ondemand".
[[0;32m  OK  [0m] Started LSB: daemon to balance interrupts for SMP systems.
[[0;32m  OK  [0m] Started Set console scheme.
[[0;32m  OK  [0m] Started LSB: automatic crash report generation.
[[0;32m  OK  [0m] Started Pollinate to seed the pseudo random number generator.
         Starting OpenBSD Secure Shell server...
[[0;32m  OK  [0m] Started OpenBSD Secure Shell server.
[[0;32m  OK  [0m] Started Wait until snapd is fully seeded.
         Starting Apply the settings specified in cloud-config...
[[0;32m  OK  [0m] Reached target Multi-User System.
[[0;32m  OK  [0m] Reached target Graphical Interface.
         Starting Update UTMP about System Runlevel Changes...
[[0;32m  OK  [0m] Started Update UTMP about System Runlevel Changes.
[[0;32m  OK  [0m] Created slice User Slice of vagrant.
         Starting User Manager for UID 1000...
[[0;32m  OK  [0m] Started Session 1 of user vagrant.
[[0;32m  OK  [0m] Started User Manager for UID 1000.
[   18.720378] cloud-init[1320]: Generating locales (this might take a while)...
[   19.515500] cloud-init[1320]:   en_US.UTF-8... done
[   19.535934] cloud-init[1320]: Generation complete.
[   19.801830] cloud-init[1320]: Cloud-init v. 19.4-33-gbb4131a2-0ubuntu1~16.04.1 running 'modules:config' at Fri, 10 Apr 2020 15:26:18 +0000. Up 18.62 seconds.
[[0;32m  OK  [0m] Started Apply the settings specified in cloud-config.
         Starting Execute cloud user/final scripts...
ci-info: no authorized SSH keys fingerprints found for user ubuntu.
<14>Apr 10 15:26:19 ec2: 
<14>Apr 10 15:26:19 ec2: #############################################################
<14>Apr 10 15:26:19 ec2: -----BEGIN SSH HOST KEY FINGERPRINTS-----
<14>Apr 10 15:26:19 ec2: 1024 SHA256:c3oX5D/X/7EqV3YW2J9mByN+0qo/zGqf/Vmxi+Jc1vI root@ubuntu-xenial (DSA)
<14>Apr 10 15:26:19 ec2: 256 SHA256:PYWftoBBykGr8lq6yy+rMtfD6VKPsWSQvavANvv5Ink root@ubuntu-xenial (ECDSA)
<14>Apr 10 15:26:19 ec2: 256 SHA256:nqPlQ+zUUpUMlNwGc9Pot9y3B9noi6jg86APYeHuvjw root@ubuntu-xenial (ED25519)
<14>Apr 10 15:26:19 ec2: 2048 SHA256:V0FeXgWzqRHG61mkPf0IFrcy8y4jmSr6zJ/iau/wIj0 root@ubuntu-xenial (RSA)
<14>Apr 10 15:26:19 ec2: -----END SSH HOST KEY FINGERPRINTS-----
<14>Apr 10 15:26:19 ec2: #############################################################
-----BEGIN SSH HOST KEY KEYS-----
ecdsa-sha2-nistp256 AAAAE2VjZHNhLXNoYTItbmlzdHAyNTYAAAAIbmlzdHAyNTYAAABBBAIRE/jbhZboWEH5A7Bf2T+74und4C3QTUG5a0ikltL8icC1bcKb9jr9hmbEDjHCqqud8oX8saoGsmGxHUazE5s= root@ubuntu-xenial
ssh-ed25519 AAAAC3NzaC1lZDI1NTE5AAAAIBCM7q1msHZdtp/uT/29Eec2f4TjfAWFKvBhHn23qdeB root@ubuntu-xenial
ssh-rsa AAAAB3NzaC1yc2EAAAADAQABAAABAQDYFta6r5YlDx5HfcKhlbf0LRuVgqKQELj6EEzD5Gg7aOoadQcViNW2i7DuRCVeoZ91shrbYZ6rYnoSSwzs6ZNqH1JZht55f6YXIJ84i31PyC30aJqDv+5h7XVgIQz/5Ze3Tpy0XNzJuywX6J/6BYfl4Vix7bMC0yYONY7AqtLZ+jsQWgLpi9YgXJroGCDwYhs02Z7QGFyAqKNFahhS+2qmEKlr+SAcAk9mXjzaDXWxOcqH9whyz9cr0KerLKPrDzXgehaaNGtJH6jpZ+qItRvorY8r7bvdB2qNwjy/rt5ubqSahWz6XKDtm2NWjUb7e2NqV9e/d1PMQveAO+lWFSJN root@ubuntu-xenial
-----END SSH HOST KEY KEYS-----
[   20.443686] cloud-init[1481]: Cloud-init v. 19.4-33-gbb4131a2-0ubuntu1~16.04.1 running 'modules:final' at Fri, 10 Apr 2020 15:26:19 +0000. Up 20.18 seconds.
[   20.446805] cloud-init[1481]: ci-info: no authorized SSH keys fingerprints found for user ubuntu.
[   20.448893] cloud-init[1481]: Cloud-init v. 19.4-33-gbb4131a2-0ubuntu1~16.04.1 finished at Fri, 10 Apr 2020 15:26:20 +0000. Datasource DataSourceNoCloud [seed=/dev/sdb][dsmode=net].  Up 20.42 seconds
[[0;32m  OK  [0m] Started Execute cloud user/final scripts.
[[0;32m  OK  [0m] Reached target Cloud-init target.

Ubuntu 16.04.6 LTS ubuntu-xenial ttyS0

ubuntu-xenial login: 